#! /usr/local/iverilog/bin/vvp
:ivl_version "11.0 (devel)" "(s20150603-642-g3bdb50da)";
:ivl_delay_selection "TYPICAL";
:vpi_time_precision + 0;
:vpi_module "system";
:vpi_module "vhdl_sys";
:vpi_module "vhdl_textio";
:vpi_module "v2005_math";
:vpi_module "va_math";
S_000000000019b560 .scope module, "Sequence_decoder" "Sequence_decoder" 2 3;
 .timescale 0 0;
    .port_info 0 /INPUT 1 "reset";
    .port_info 1 /INPUT 1 "sequence_in";
    .port_info 2 /INPUT 1 "clock";
    .port_info 3 /OUTPUT 1 "detector_out";
P_000000000019b6f0 .param/l "One" 0 2 6, C4<001>;
P_000000000019b728 .param/l "OneOne" 0 2 8, C4<010>;
P_000000000019b760 .param/l "OneOneZero" 0 2 10, C4<111>;
P_000000000019b798 .param/l "OneZero" 0 2 7, C4<011>;
P_000000000019b7d0 .param/l "OneZeroOne" 0 2 9, C4<110>;
P_000000000019b808 .param/l "Zero" 0 2 5, C4<000>;
o0000000000879fd8 .functor BUFZ 1, C4<z>; HiZ drive
v000000000019b850_0 .net "clock", 0 0, o0000000000879fd8;  0 drivers
v00000000008be850_0 .var "current_state", 2 0;
v00000000008be8f0_0 .var "detector_out", 0 0;
v00000000008be990_0 .var "next_state", 2 0;
o000000000087a098 .functor BUFZ 1, C4<z>; HiZ drive
v00000000008bea30_0 .net "reset", 0 0, o000000000087a098;  0 drivers
o000000000087a0c8 .functor BUFZ 1, C4<z>; HiZ drive
v00000000008bead0_0 .net "sequence_in", 0 0, o000000000087a0c8;  0 drivers
E_00000000001984f0 .event edge, v00000000008be850_0;
E_0000000000198630 .event edge, v00000000008bead0_0, v00000000008be850_0;
E_0000000000198370 .event posedge, v00000000008bea30_0, v000000000019b850_0;
    .scope S_000000000019b560;
T_0 ;
    %wait E_0000000000198370;
    %load/vec4 v00000000008bea30_0;
    %flag_set/vec4 8;
    %jmp/0xz  T_0.0, 8;
    %pushi/vec4 0, 0, 3;
    %assign/vec4 v00000000008be850_0, 0;
    %jmp T_0.1;
T_0.0 ;
    %load/vec4 v00000000008be990_0;
    %assign/vec4 v00000000008be850_0, 0;
T_0.1 ;
    %jmp T_0;
    .thread T_0;
    .scope S_000000000019b560;
T_1 ;
    %wait E_0000000000198630;
    %load/vec4 v00000000008be850_0;
    %dup/vec4;
    %pushi/vec4 0, 0, 3;
    %cmp/u;
    %jmp/1 T_1.0, 6;
    %dup/vec4;
    %pushi/vec4 1, 0, 3;
    %cmp/u;
    %jmp/1 T_1.1, 6;
    %dup/vec4;
    %pushi/vec4 3, 0, 3;
    %cmp/u;
    %jmp/1 T_1.2, 6;
    %dup/vec4;
    %pushi/vec4 2, 0, 3;
    %cmp/u;
    %jmp/1 T_1.3, 6;
    %dup/vec4;
    %pushi/vec4 6, 0, 3;
    %cmp/u;
    %jmp/1 T_1.4, 6;
    %dup/vec4;
    %pushi/vec4 7, 0, 3;
    %cmp/u;
    %jmp/1 T_1.5, 6;
    %pushi/vec4 0, 0, 3;
    %store/vec4 v00000000008be990_0, 0, 3;
    %jmp T_1.7;
T_1.0 ;
    %load/vec4 v00000000008bead0_0;
    %flag_set/vec4 8;
    %jmp/0xz  T_1.8, 8;
    %pushi/vec4 1, 0, 3;
    %store/vec4 v00000000008be990_0, 0, 3;
    %jmp T_1.9;
T_1.8 ;
    %pushi/vec4 0, 0, 3;
    %store/vec4 v00000000008be990_0, 0, 3;
T_1.9 ;
    %jmp T_1.7;
T_1.1 ;
    %load/vec4 v00000000008bead0_0;
    %flag_set/vec4 8;
    %jmp/0xz  T_1.10, 8;
    %pushi/vec4 2, 0, 3;
    %store/vec4 v00000000008be990_0, 0, 3;
    %jmp T_1.11;
T_1.10 ;
    %pushi/vec4 3, 0, 3;
    %store/vec4 v00000000008be990_0, 0, 3;
T_1.11 ;
    %jmp T_1.7;
T_1.2 ;
    %load/vec4 v00000000008bead0_0;
    %flag_set/vec4 8;
    %jmp/0xz  T_1.12, 8;
    %pushi/vec4 6, 0, 3;
    %store/vec4 v00000000008be990_0, 0, 3;
    %jmp T_1.13;
T_1.12 ;
    %pushi/vec4 0, 0, 3;
    %store/vec4 v00000000008be990_0, 0, 3;
T_1.13 ;
    %jmp T_1.7;
T_1.3 ;
    %load/vec4 v00000000008bead0_0;
    %flag_set/vec4 8;
    %jmp/0xz  T_1.14, 8;
    %pushi/vec4 2, 0, 3;
    %store/vec4 v00000000008be990_0, 0, 3;
    %jmp T_1.15;
T_1.14 ;
    %pushi/vec4 7, 0, 3;
    %store/vec4 v00000000008be990_0, 0, 3;
T_1.15 ;
    %jmp T_1.7;
T_1.4 ;
    %load/vec4 v00000000008bead0_0;
    %flag_set/vec4 8;
    %jmp/0xz  T_1.16, 8;
    %pushi/vec4 2, 0, 3;
    %store/vec4 v00000000008be990_0, 0, 3;
    %jmp T_1.17;
T_1.16 ;
    %pushi/vec4 3, 0, 3;
    %store/vec4 v00000000008be990_0, 0, 3;
T_1.17 ;
    %jmp T_1.7;
T_1.5 ;
    %load/vec4 v00000000008bead0_0;
    %flag_set/vec4 8;
    %jmp/0xz  T_1.18, 8;
    %pushi/vec4 6, 0, 3;
    %store/vec4 v00000000008be990_0, 0, 3;
    %jmp T_1.19;
T_1.18 ;
    %pushi/vec4 0, 0, 3;
    %store/vec4 v00000000008be990_0, 0, 3;
T_1.19 ;
    %jmp T_1.7;
T_1.7 ;
    %pop/vec4 1;
    %jmp T_1;
    .thread T_1, $push;
    .scope S_000000000019b560;
T_2 ;
    %wait E_00000000001984f0;
    %load/vec4 v00000000008be850_0;
    %dup/vec4;
    %pushi/vec4 0, 0, 3;
    %cmp/u;
    %jmp/1 T_2.0, 6;
    %dup/vec4;
    %pushi/vec4 1, 0, 3;
    %cmp/u;
    %jmp/1 T_2.1, 6;
    %dup/vec4;
    %pushi/vec4 3, 0, 3;
    %cmp/u;
    %jmp/1 T_2.2, 6;
    %dup/vec4;
    %pushi/vec4 2, 0, 3;
    %cmp/u;
    %jmp/1 T_2.3, 6;
    %dup/vec4;
    %pushi/vec4 6, 0, 3;
    %cmp/u;
    %jmp/1 T_2.4, 6;
    %dup/vec4;
    %pushi/vec4 7, 0, 3;
    %cmp/u;
    %jmp/1 T_2.5, 6;
    %pushi/vec4 0, 0, 1;
    %store/vec4 v00000000008be8f0_0, 0, 1;
    %jmp T_2.7;
T_2.0 ;
    %pushi/vec4 0, 0, 1;
    %store/vec4 v00000000008be8f0_0, 0, 1;
    %jmp T_2.7;
T_2.1 ;
    %pushi/vec4 0, 0, 1;
    %store/vec4 v00000000008be8f0_0, 0, 1;
    %jmp T_2.7;
T_2.2 ;
    %pushi/vec4 0, 0, 1;
    %store/vec4 v00000000008be8f0_0, 0, 1;
    %jmp T_2.7;
T_2.3 ;
    %pushi/vec4 0, 0, 1;
    %store/vec4 v00000000008be8f0_0, 0, 1;
    %jmp T_2.7;
T_2.4 ;
    %pushi/vec4 1, 0, 1;
    %store/vec4 v00000000008be8f0_0, 0, 1;
    %jmp T_2.7;
T_2.5 ;
    %pushi/vec4 1, 0, 1;
    %store/vec4 v00000000008be8f0_0, 0, 1;
    %jmp T_2.7;
T_2.7 ;
    %pop/vec4 1;
    %jmp T_2;
    .thread T_2, $push;
# The file index is used to find the file name in the following table.
:file_names 3;
    "N/A";
    "<interactive>";
    "SequenceDetector.v";
